2019-11-10 21:10:08,844 INFO  DownloadService - Downloading "https://github.com/nirukk52/SnapTabLayout/archive/master.zip", attempt 3
2019-11-10 21:10:10,855 INFO  DownloadService - Downloaded https://github.com/nirukk52/SnapTabLayout/archive/master.zip, attempt 3
2019-11-10 21:10:10,856 INFO  DownloadService - Size of file "/var/folders/bq/vtzpc5ns5sg2cthy61lqpg3dfzgbys/T/1573395008840-0/master.zip": 164 KB
2019-11-10 21:10:10,856 INFO  ArchiveUtils - Checking entries [.gradle] in ZIP file...
2019-11-10 21:10:10,856 INFO  ArchiveUtils - Has entries [.gradle] in ZIP file /var/folders/bq/vtzpc5ns5sg2cthy61lqpg3dfzgbys/T/1573395008840-0/master.zip: true
2019-11-10 21:10:10,856 DEBUG ZipUtil - Extracting '/var/folders/bq/vtzpc5ns5sg2cthy61lqpg3dfzgbys/T/1573395008840-0/master.zip' into '/var/folders/bq/vtzpc5ns5sg2cthy61lqpg3dfzgbys/T/1573395008840-0/src'.
2019-11-10 21:10:10,880 INFO  FullProcessService - Size of directory with sources: 189 KB
2019-11-10 21:10:10,880 INFO  SysUtils - Execute command: [git, init, /var/folders/bq/vtzpc5ns5sg2cthy61lqpg3dfzgbys/T/1573395008840-0/src]
2019-11-10 21:10:10,907 INFO  SysUtils - Initialized empty Git repository in /private/var/folders/bq/vtzpc5ns5sg2cthy61lqpg3dfzgbys/T/1573395008840-0/src/.git/

2019-11-10 21:10:10,909 INFO  ProjectBuildService - Gradle wrapper(s): /var/folders/bq/vtzpc5ns5sg2cthy61lqpg3dfzgbys/T/1573395008840-0/src/SnapTabLayout-master/gradlew
2019-11-10 21:10:10,913 INFO  ProjectBuildService - Build script(s): /var/folders/bq/vtzpc5ns5sg2cthy61lqpg3dfzgbys/T/1573395008840-0/src/SnapTabLayout-master/SnapTablayout/build.gradle /var/folders/bq/vtzpc5ns5sg2cthy61lqpg3dfzgbys/T/1573395008840-0/src/SnapTabLayout-master/sample/build.gradle /var/folders/bq/vtzpc5ns5sg2cthy61lqpg3dfzgbys/T/1573395008840-0/src/SnapTabLayout-master/build.gradle
2019-11-10 21:10:10,916 INFO  ProjectBuildService - All script(s): /var/folders/bq/vtzpc5ns5sg2cthy61lqpg3dfzgbys/T/1573395008840-0/src/SnapTabLayout-master/build.gradle /var/folders/bq/vtzpc5ns5sg2cthy61lqpg3dfzgbys/T/1573395008840-0/src/SnapTabLayout-master/sample/build.gradle /var/folders/bq/vtzpc5ns5sg2cthy61lqpg3dfzgbys/T/1573395008840-0/src/SnapTabLayout-master/settings.gradle /var/folders/bq/vtzpc5ns5sg2cthy61lqpg3dfzgbys/T/1573395008840-0/src/SnapTabLayout-master/SnapTablayout/bintrayv1.gradle /var/folders/bq/vtzpc5ns5sg2cthy61lqpg3dfzgbys/T/1573395008840-0/src/SnapTabLayout-master/SnapTablayout/build.gradle
2019-11-10 21:10:10,921 INFO  DownloadService - Downloading "https://raw.githubusercontent.com/nuuneoi/JCenter/master/installv1.gradle", attempt 3
2019-11-10 21:10:11,918 INFO  DownloadService - Downloaded https://raw.githubusercontent.com/nuuneoi/JCenter/master/installv1.gradle, attempt 3
2019-11-10 21:10:11,927 INFO  ProjectBuildService - Remote scripts: https://raw.githubusercontent.com/nuuneoi/JCenter/master/installv1.gradle
2019-11-10 21:10:11,927 INFO  ProjectFixService - Fixing project...
2019-11-10 21:10:11,938 INFO  LocalPropertiesFixService - Created fake /var/folders/bq/vtzpc5ns5sg2cthy61lqpg3dfzgbys/T/1573395008840-0/src/SnapTabLayout-master/SnapTablayout/local.properties
2019-11-10 21:10:11,940 INFO  ProjectFixService - Build info for "/var/folders/bq/vtzpc5ns5sg2cthy61lqpg3dfzgbys/T/1573395008840-0/src/SnapTabLayout-master/SnapTablayout/build.gradle": [buildToolsVersion=<null>,compileSdkVersion=28,minSdkVersion=19,targetSdkVersion=28]
2019-11-10 21:10:11,940 INFO  ProjectFixService - Fixed build info for "/var/folders/bq/vtzpc5ns5sg2cthy61lqpg3dfzgbys/T/1573395008840-0/src/SnapTabLayout-master/SnapTablayout/build.gradle": [buildToolsVersion=28.0.0-rc2,compileSdkVersion=28,minSdkVersion=19,targetSdkVersion=28]
2019-11-10 21:10:11,942 INFO  LocalPropertiesFixService - Created fake /var/folders/bq/vtzpc5ns5sg2cthy61lqpg3dfzgbys/T/1573395008840-0/src/SnapTabLayout-master/sample/local.properties
2019-11-10 21:10:11,944 INFO  ProjectFixService - Build info for "/var/folders/bq/vtzpc5ns5sg2cthy61lqpg3dfzgbys/T/1573395008840-0/src/SnapTabLayout-master/sample/build.gradle": [buildToolsVersion=<null>,compileSdkVersion=28,minSdkVersion=19,targetSdkVersion=28]
2019-11-10 21:10:11,944 INFO  ProjectFixService - Fixed build info for "/var/folders/bq/vtzpc5ns5sg2cthy61lqpg3dfzgbys/T/1573395008840-0/src/SnapTabLayout-master/sample/build.gradle": [buildToolsVersion=28.0.0-rc2,compileSdkVersion=28,minSdkVersion=19,targetSdkVersion=28]
2019-11-10 21:10:11,946 INFO  LocalPropertiesFixService - Created fake /var/folders/bq/vtzpc5ns5sg2cthy61lqpg3dfzgbys/T/1573395008840-0/src/SnapTabLayout-master/local.properties
2019-11-10 21:10:11,946 INFO  WrapperPropertiesFixService - Gradle wrapper: https://services.gradle.org/distributions/gradle-4.6-all.zip
2019-11-10 21:10:11,947 INFO  WrapperPropertiesFixService - Gradle wrapper was changed from "-all.zip" to "-bin.zip" (https://services.gradle.org/distributions/gradle-4.6-bin.zip)
2019-11-10 21:10:11,950 INFO  ProjectFixService - Build info for "/var/folders/bq/vtzpc5ns5sg2cthy61lqpg3dfzgbys/T/1573395008840-0/src/SnapTabLayout-master/build.gradle": [buildToolsVersion=<null>,compileSdkVersion=28,minSdkVersion=19,targetSdkVersion=28]
2019-11-10 21:10:11,950 INFO  ProjectFixService - Fixed build info for "/var/folders/bq/vtzpc5ns5sg2cthy61lqpg3dfzgbys/T/1573395008840-0/src/SnapTabLayout-master/build.gradle": [buildToolsVersion=28.0.0-rc2,compileSdkVersion=28,minSdkVersion=19,targetSdkVersion=28]
2019-11-10 21:10:11,951 INFO  ProjectFixService - Project was maybe fixed
2019-11-10 21:10:11,951 INFO  ProjectTaskService - Detecting possible tasks...
2019-11-10 21:10:11,951 INFO  SysUtils - Execute command: [/var/folders/bq/vtzpc5ns5sg2cthy61lqpg3dfzgbys/T/1573395008840-0/src/SnapTabLayout-master/gradlew, -b, /var/folders/bq/vtzpc5ns5sg2cthy61lqpg3dfzgbys/T/1573395008840-0/src/SnapTabLayout-master/SnapTablayout/build.gradle, -Dorg.gradle.daemon=false, -Dorg.gradle.daemon.performance.enable-monitoring=false, -Dorg.gradle.configureondemand=true, tasks]
2019-11-10 21:10:31,209 INFO  ProjectTaskService - Detected possible tasks: 74
2019-11-10 21:10:31,209 INFO  ProjectTaskService - Excluded tasks (15): lintDebug deviceCheck lint testReleaseUnitTest deviceAndroidTest uninstallDebugAndroidTest installDebugAndroidTest connectedCheck connectedDebugAndroidTest uninstallAll test check testDebugUnitTest connectedAndroidTest lintRelease
2019-11-10 21:10:31,210 INFO  SysUtils - Execute command: [/var/folders/bq/vtzpc5ns5sg2cthy61lqpg3dfzgbys/T/1573395008840-0/src/SnapTabLayout-master/gradlew, -b, /var/folders/bq/vtzpc5ns5sg2cthy61lqpg3dfzgbys/T/1573395008840-0/src/SnapTabLayout-master/SnapTablayout/build.gradle, -Dorg.gradle.daemon=false, -Dorg.gradle.daemon.performance.enable-monitoring=false, -Dorg.gradle.configureondemand=true, --stacktrace, -x, lintDebug, -x, deviceCheck, -x, lint, -x, testReleaseUnitTest, -x, deviceAndroidTest, -x, uninstallDebugAndroidTest, -x, installDebugAndroidTest, -x, connectedCheck, -x, connectedDebugAndroidTest, -x, uninstallAll, -x, test, -x, check, -x, testDebugUnitTest, -x, connectedAndroidTest, -x, lintRelease, build]
2019-11-10 21:10:58,512 ERROR SysUtils - Could not process external command
org.apache.commons.exec.ExecuteException: Process exited with an error: 1 (Exit value: 1)
	at org.apache.commons.exec.DefaultExecutor.executeInternal(DefaultExecutor.java:404)
	at org.apache.commons.exec.DefaultExecutor.execute(DefaultExecutor.java:166)
	at com.github.vbauer.apkmaster.util.SysUtils.execute(SysUtils.java:67)
	at com.github.vbauer.apkmaster.util.SysUtils.executeSimple(SysUtils.java:43)
	at com.github.vbauer.apkmaster.service.assembly.ProjectBuildService.buildProject(ProjectBuildService.java:78)
	at com.github.vbauer.apkmaster.service.assembly.ProjectBuildService.buildProject(ProjectBuildService.java:64)
	at com.github.vbauer.apkmaster.service.assembly.ProjectBuildService.buildProject(ProjectBuildService.java:43)
	at com.github.vbauer.apkmaster.service.FullProcessService.build(FullProcessService.java:84)
	at com.github.vbauer.apkmaster.service.FullProcessService.process(FullProcessService.java:34)
	at com.github.vbauer.apkmaster.app.MainApplication.process(MainApplication.java:38)
	at com.github.vbauer.apkmaster.app.MainApplication.main(MainApplication.java:20)
	at sun.reflect.NativeMethodAccessorImpl.invoke0(Native Method)
	at sun.reflect.NativeMethodAccessorImpl.invoke(NativeMethodAccessorImpl.java:62)
	at sun.reflect.DelegatingMethodAccessorImpl.invoke(DelegatingMethodAccessorImpl.java:43)
	at java.lang.reflect.Method.invoke(Method.java:498)
	at com.android.arsenal.util.ReflectionUtils.invoke(ReflectionUtils.java:52)
	at com.android.arsenal.util.ApkMasterUtils.main(ApkMasterUtils.java:30)
	at com.android.arsenal.service.processor.impl.BuildProcessorServiceImpl.buildProject(BuildProcessorServiceImpl.java:196)
	at com.android.arsenal.service.processor.impl.BuildProcessorServiceImpl.build(BuildProcessorServiceImpl.java:130)
	at com.android.arsenal.service.processor.impl.BuildProcessorServiceImpl.lambda$null$1(BuildProcessorServiceImpl.java:113)
	at java.util.concurrent.FutureTask.run(FutureTask.java:266)
	at java.util.concurrent.Executors$RunnableAdapter.call(Executors.java:511)
	at java.util.concurrent.FutureTask.run(FutureTask.java:266)
	at java.util.concurrent.ThreadPoolExecutor.runWorker(ThreadPoolExecutor.java:1149)
	at java.util.concurrent.ThreadPoolExecutor$Worker.run(ThreadPoolExecutor.java:624)
	at java.lang.Thread.run(Thread.java:748)
2019-11-10 21:10:58,513 INFO  SysUtils - Configuration on demand is an incubating feature.
:SnapTablayout:preBuild UP-TO-DATE
:SnapTablayout:preDebugBuild UP-TO-DATE
:SnapTablayout:compileDebugAidl NO-SOURCE
:SnapTablayout:compileDebugRenderscript
:SnapTablayout:checkDebugManifest
:SnapTablayout:generateDebugBuildConfig
:SnapTablayout:generateDebugResValues
:SnapTablayout:generateDebugResources
:SnapTablayout:packageDebugResources
:SnapTablayout:processDebugManifest
:SnapTablayout:generateDebugRFile
:SnapTablayout:compileDebugKotlin
:SnapTablayout:prepareLintJar
:SnapTablayout:generateDebugSources
:SnapTablayout:javaPreCompileDebug
:SnapTablayout:compileDebugJavaWithJavac
:SnapTablayout:extractDebugAnnotations
:SnapTablayout:mergeDebugConsumerProguardFiles
:SnapTablayout:mergeDebugShaders
:SnapTablayout:compileDebugShaders
:SnapTablayout:generateDebugAssets
:SnapTablayout:packageDebugAssets
:SnapTablayout:packageDebugRenderscript NO-SOURCE
:SnapTablayout:processDebugJavaRes NO-SOURCE
:SnapTablayout:transformResourcesWithMergeJavaResForDebug
:SnapTablayout:transformClassesAndResourcesWithSyncLibJarsForDebug
:SnapTablayout:compileDebugNdk NO-SOURCE
:SnapTablayout:mergeDebugJniLibFolders
:SnapTablayout:transformNativeLibsWithMergeJniLibsForDebug
:SnapTablayout:transformNativeLibsWithStripDebugSymbolForDebug
:SnapTablayout:transformNativeLibsWithSyncJniLibsForDebug
:SnapTablayout:bundleDebugAar
:SnapTablayout:compileDebugSources
:SnapTablayout:assembleDebug
:SnapTablayout:preReleaseBuild UP-TO-DATE
:SnapTablayout:compileReleaseAidl NO-SOURCE
:SnapTablayout:compileReleaseRenderscript
:SnapTablayout:checkReleaseManifest
:SnapTablayout:generateReleaseBuildConfig
:SnapTablayout:generateReleaseResValues
:SnapTablayout:generateReleaseResources
:SnapTablayout:packageReleaseResources
:SnapTablayout:processReleaseManifest
:SnapTablayout:generateReleaseRFile
:SnapTablayout:compileReleaseKotlin
:SnapTablayout:generateReleaseSources
:SnapTablayout:javaPreCompileRelease
:SnapTablayout:compileReleaseJavaWithJavac
:SnapTablayout:extractReleaseAnnotations
:SnapTablayout:mergeReleaseConsumerProguardFiles
:SnapTablayout:mergeReleaseShaders
:SnapTablayout:compileReleaseShaders
:SnapTablayout:generateReleaseAssets
:SnapTablayout:packageReleaseAssets
:SnapTablayout:packageReleaseRenderscript NO-SOURCE
:SnapTablayout:processReleaseJavaRes NO-SOURCE
:SnapTablayout:transformResourcesWithMergeJavaResForRelease
:SnapTablayout:transformClassesAndResourcesWithSyncLibJarsForRelease
:SnapTablayout:compileReleaseNdk NO-SOURCE
:SnapTablayout:mergeReleaseJniLibFolders
:SnapTablayout:transformNativeLibsWithMergeJniLibsForRelease
:SnapTablayout:transformNativeLibsWithStripDebugSymbolForRelease
:SnapTablayout:transformNativeLibsWithSyncJniLibsForRelease
:SnapTablayout:bundleReleaseAar
:SnapTablayout:compileReleaseSources
:SnapTablayout:mergeReleaseResources
:SnapTablayout:verifyReleaseResources FAILED

FAILURE: Build failed with an exception.

* What went wrong:
Execution failed for task ':SnapTablayout:verifyReleaseResources'.
> java.util.concurrent.ExecutionException: com.android.builder.internal.aapt.v2.Aapt2Exception: Android resource linking failed
  Output:  /private/var/folders/bq/vtzpc5ns5sg2cthy61lqpg3dfzgbys/T/1573395008840-0/src/SnapTabLayout-master/SnapTablayout/build/intermediates/res/merged/release/layout/snap_tab_view.xml:9: error: attribute layout_constraintBottom_toBottomOf (aka com.fridayof1995.tabanimation:layout_constraintBottom_toBottomOf) not found.
  /private/var/folders/bq/vtzpc5ns5sg2cthy61lqpg3dfzgbys/T/1573395008840-0/src/SnapTabLayout-master/SnapTablayout/build/intermediates/res/merged/release/layout/snap_tab_view.xml:15: error: attribute layout_constraintBottom_toBottomOf (aka com.fridayof1995.tabanimation:layout_constraintBottom_toBottomOf) not found.
  /private/var/folders/bq/vtzpc5ns5sg2cthy61lqpg3dfzgbys/T/1573395008840-0/src/SnapTabLayout-master/SnapTablayout/build/intermediates/res/merged/release/layout/snap_tab_view.xml:21: error: attribute layout_constraintBottom_toTopOf (aka com.fridayof1995.tabanimation:layout_constraintBottom_toTopOf) not found.
  /private/var/folders/bq/vtzpc5ns5sg2cthy61lqpg3dfzgbys/T/1573395008840-0/src/SnapTabLayout-master/SnapTablayout/build/intermediates/res/merged/release/layout/snap_tab_view.xml:21: error: attribute layout_constraintEnd_toEndOf (aka com.fridayof1995.tabanimation:layout_constraintEnd_toEndOf) not found.
  /private/var/folders/bq/vtzpc5ns5sg2cthy61lqpg3dfzgbys/T/1573395008840-0/src/SnapTabLayout-master/SnapTablayout/build/intermediates/res/merged/release/layout/snap_tab_view.xml:21: error: attribute layout_constraintStart_toStartOf (aka com.fridayof1995.tabanimation:layout_constraintStart_toStartOf) not found.
  /private/var/folders/bq/vtzpc5ns5sg2cthy61lqpg3dfzgbys/T/1573395008840-0/src/SnapTabLayout-master/SnapTablayout/build/intermediates/res/merged/release/layout/snap_tab_view.xml:21: error: attribute layout_constraintTop_toTopOf (aka com.fridayof1995.tabanimation:layout_constraintTop_toTopOf) not found.
  /private/var/folders/bq/vtzpc5ns5sg2cthy61lqpg3dfzgbys/T/1573395008840-0/src/SnapTabLayout-master/SnapTablayout/build/intermediates/res/merged/release/layout/snap_tab_view.xml:32: error: attribute layout_constraintBottom_toBottomOf (aka com.fridayof1995.tabanimation:layout_constraintBottom_toBottomOf) not found.
  /private/var/folders/bq/vtzpc5ns5sg2cthy61lqpg3dfzgbys/T/1573395008840-0/src/SnapTabLayout-master/SnapTablayout/build/intermediates/res/merged/release/layout/snap_tab_view.xml:32: error: attribute layout_constraintEnd_toStartOf (aka com.fridayof1995.tabanimation:layout_constraintEnd_toStartOf) not found.
  /private/var/folders/bq/vtzpc5ns5sg2cthy61lqpg3dfzgbys/T/1573395008840-0/src/SnapTabLayout-master/SnapTablayout/build/intermediates/res/merged/release/layout/snap_tab_view.xml:32: error: attribute layout_constraintStart_toEndOf (aka com.fridayof1995.tabanimation:layout_constraintStart_toEndOf) not found.
  /private/var/folders/bq/vtzpc5ns5sg2cthy61lqpg3dfzgbys/T/1573395008840-0/src/SnapTabLayout-master/SnapTablayout/build/intermediates/res/merged/release/layout/snap_tab_view.xml:32: error: attribute layout_constraintTop_toTopOf (aka com.fridayof1995.tabanimation:layout_constraintTop_toTopOf) not found.
  /private/var/folders/bq/vtzpc5ns5sg2cthy61lqpg3dfzgbys/T/1573395008840-0/src/SnapTabLayout-master/SnapTablayout/build/intermediates/res/merged/release/layout/snap_tab_view.xml:43: error: attribute layout_constraintBottom_toBottomOf (aka com.fridayof1995.tabanimation:layout_constraintBottom_toBottomOf) not found.
  /private/var/folders/bq/vtzpc5ns5sg2cthy61lqpg3dfzgbys/T/1573395008840-0/src/SnapTabLayout-master/SnapTablayout/build/intermediates/res/merged/release/layout/snap_tab_view.xml:43: error: attribute layout_constraintStart_toStartOf (aka com.fridayof1995.tabanimation:layout_constraintStart_toStartOf) not found.
  /private/var/folders/bq/vtzpc5ns5sg2cthy61lqpg3dfzgbys/T/1573395008840-0/src/SnapTabLayout-master/SnapTablayout/build/intermediates/res/merged/release/layout/snap_tab_view.xml:43: error: attribute layout_constraintTop_toBottomOf (aka com.fridayof1995.tabanimation:layout_constraintTop_toBottomOf) not found.
  /private/var/folders/bq/vtzpc5ns5sg2cthy61lqpg3dfzgbys/T/1573395008840-0/src/SnapTabLayout-master/SnapTablayout/build/intermediates/res/merged/release/layout/snap_tab_view.xml:54: error: attribute layout_constraintBottom_toBottomOf (aka com.fridayof1995.tabanimation:layout_constraintBottom_toBottomOf) not found.
  /private/var/folders/bq/vtzpc5ns5sg2cthy61lqpg3dfzgbys/T/1573395008840-0/src/SnapTabLayout-master/SnapTablayout/build/intermediates/res/merged/release/layout/snap_tab_view.xml:54: error: attribute layout_constraintEnd_toEndOf (aka com.fridayof1995.tabanimation:layout_constraintEnd_toEndOf) not found.
  /private/var/folders/bq/vtzpc5ns5sg2cthy61lqpg3dfzgbys/T/1573395008840-0/src/SnapTabLayout-master/SnapTablayout/build/intermediates/res/merged/release/layout/snap_tab_view.xml:54: error: attribute layout_constraintTop_toBottomOf (aka com.fridayof1995.tabanimation:layout_constraintTop_toBottomOf) not found.
  /private/var/folders/bq/vtzpc5ns5sg2cthy61lqpg3dfzgbys/T/1573395008840-0/src/SnapTabLayout-master/SnapTablayout/build/intermediates/res/merged/release/layout/snap_tab_view.xml:65: error: attribute layout_constraintBottom_toBottomOf (aka com.fridayof1995.tabanimation:layout_constraintBottom_toBottomOf) not found.
  /private/var/folders/bq/vtzpc5ns5sg2cthy61lqpg3dfzgbys/T/1573395008840-0/src/SnapTabLayout-master/SnapTablayout/build/intermediates/res/merged/release/layout/snap_tab_view.xml:65: error: attribute layout_constraintEnd_toStartOf (aka com.fridayof1995.tabanimation:layout_constraintEnd_toStartOf) not found.
  /private/var/folders/bq/vtzpc5ns5sg2cthy61lqpg3dfzgbys/T/1573395008840-0/src/SnapTabLayout-master/SnapTablayout/build/intermediates/res/merged/release/layout/snap_tab_view.xml:65: error: attribute layout_constraintStart_toEndOf (aka com.fridayof1995.tabanimation:layout_constraintStart_toEndOf) not found.
  /private/var/folders/bq/vtzpc5ns5sg2cthy61lqpg3dfzgbys/T/1573395008840-0/src/SnapTabLayout-master/SnapTablayout/build/intermediates/res/merged/release/layout/snap_tab_view.xml:65: error: attribute layout_constraintTop_toBottomOf (aka com.fridayof1995.tabanimation:layout_constraintTop_toBottomOf) not found.
  
  Command: /Users/vbauer/.gradle/caches/transforms-1/files-1.1/aapt2-3.2.1-4818971-osx.jar/d1c7a94294c8fc77d2a924239059c68c/aapt2-3.2.1-4818971-osx/aapt2 link -I\
          /Users/vbauer/Library/Android/sdk/platforms/android-28/android.jar\
          --manifest\
          /private/var/folders/bq/vtzpc5ns5sg2cthy61lqpg3dfzgbys/T/1573395008840-0/src/SnapTabLayout-master/SnapTablayout/build/intermediates/aapt_friendly_merged_manifests/release/processReleaseManifest/aapt/AndroidManifest.xml\
          -o\
          /var/folders/bq/vtzpc5ns5sg2cthy61lqpg3dfzgbys/T/aapt-2494822442054727623-out\
          -R\
          /private/var/folders/bq/vtzpc5ns5sg2cthy61lqpg3dfzgbys/T/1573395008840-0/src/SnapTabLayout-master/SnapTablayout/build/intermediates/res/compiled/release/layout_snap_tab_view.xml.flat\
          -R\
          /private/var/folders/bq/vtzpc5ns5sg2cthy61lqpg3dfzgbys/T/1573395008840-0/src/SnapTabLayout-master/SnapTablayout/build/intermediates/res/compiled/release/drawable_ic_ring.xml.flat\
          -R\
          /private/var/folders/bq/vtzpc5ns5sg2cthy61lqpg3dfzgbys/T/1573395008840-0/src/SnapTabLayout-master/SnapTablayout/build/intermediates/res/compiled/release/values_values.arsc.flat\
          -R\
          /private/var/folders/bq/vtzpc5ns5sg2cthy61lqpg3dfzgbys/T/1573395008840-0/src/SnapTabLayout-master/SnapTablayout/build/intermediates/res/compiled/release/drawable_tab_indicator.xml.flat\
          -R\
          /private/var/folders/bq/vtzpc5ns5sg2cthy61lqpg3dfzgbys/T/1573395008840-0/src/SnapTabLayout-master/SnapTablayout/build/intermediates/res/compiled/release/drawable_shadow_ring.xml.flat\
          --auto-add-overlay\
          --non-final-ids\
          -0\
          apk\
          --no-version-vectors
  Daemon:  AAPT2 aapt2-3.2.1-4818971-osx Daemon #0

* Try:
Run with --info or --debug option to get more log output. Run with --scan to get full insights.

* Exception is:
org.gradle.api.tasks.TaskExecutionException: Execution failed for task ':SnapTablayout:verifyReleaseResources'.
	at org.gradle.api.internal.tasks.execution.ExecuteActionsTaskExecuter.executeActions(ExecuteActionsTaskExecuter.java:103)
	at org.gradle.api.internal.tasks.execution.ExecuteActionsTaskExecuter.execute(ExecuteActionsTaskExecuter.java:73)
	at org.gradle.api.internal.tasks.execution.OutputDirectoryCreatingTaskExecuter.execute(OutputDirectoryCreatingTaskExecuter.java:51)
	at org.gradle.api.internal.tasks.execution.SkipUpToDateTaskExecuter.execute(SkipUpToDateTaskExecuter.java:59)
	at org.gradle.api.internal.tasks.execution.ResolveTaskOutputCachingStateExecuter.execute(ResolveTaskOutputCachingStateExecuter.java:54)
	at org.gradle.api.internal.tasks.execution.ValidatingTaskExecuter.execute(ValidatingTaskExecuter.java:59)
	at org.gradle.api.internal.tasks.execution.SkipEmptySourceFilesTaskExecuter.execute(SkipEmptySourceFilesTaskExecuter.java:101)
	at org.gradle.api.internal.tasks.execution.FinalizeInputFilePropertiesTaskExecuter.execute(FinalizeInputFilePropertiesTaskExecuter.java:44)
	at org.gradle.api.internal.tasks.execution.CleanupStaleOutputsExecuter.execute(CleanupStaleOutputsExecuter.java:91)
	at org.gradle.api.internal.tasks.execution.ResolveTaskArtifactStateTaskExecuter.execute(ResolveTaskArtifactStateTaskExecuter.java:62)
	at org.gradle.api.internal.tasks.execution.SkipTaskWithNoActionsExecuter.execute(SkipTaskWithNoActionsExecuter.java:59)
	at org.gradle.api.internal.tasks.execution.SkipOnlyIfTaskExecuter.execute(SkipOnlyIfTaskExecuter.java:54)
	at org.gradle.api.internal.tasks.execution.ExecuteAtMostOnceTaskExecuter.execute(ExecuteAtMostOnceTaskExecuter.java:43)
	at org.gradle.api.internal.tasks.execution.CatchExceptionTaskExecuter.execute(CatchExceptionTaskExecuter.java:34)
	at org.gradle.execution.taskgraph.DefaultTaskGraphExecuter$EventFiringTaskWorker$1.run(DefaultTaskGraphExecuter.java:256)
	at org.gradle.internal.progress.DefaultBuildOperationExecutor$RunnableBuildOperationWorker.execute(DefaultBuildOperationExecutor.java:336)
	at org.gradle.internal.progress.DefaultBuildOperationExecutor$RunnableBuildOperationWorker.execute(DefaultBuildOperationExecutor.java:328)
	at org.gradle.internal.progress.DefaultBuildOperationExecutor.execute(DefaultBuildOperationExecutor.java:199)
	at org.gradle.internal.progress.DefaultBuildOperationExecutor.run(DefaultBuildOperationExecutor.java:110)
	at org.gradle.execution.taskgraph.DefaultTaskGraphExecuter$EventFiringTaskWorker.execute(DefaultTaskGraphExecuter.java:249)
	at org.gradle.execution.taskgraph.DefaultTaskGraphExecuter$EventFiringTaskWorker.execute(DefaultTaskGraphExecuter.java:238)
	at org.gradle.execution.taskgraph.DefaultTaskPlanExecutor$TaskExecutorWorker.processTask(DefaultTaskPlanExecutor.java:123)
	at org.gradle.execution.taskgraph.DefaultTaskPlanExecutor$TaskExecutorWorker.access$200(DefaultTaskPlanExecutor.java:79)
	at org.gradle.execution.taskgraph.DefaultTaskPlanExecutor$TaskExecutorWorker$1.execute(DefaultTaskPlanExecutor.java:104)
	at org.gradle.execution.taskgraph.DefaultTaskPlanExecutor$TaskExecutorWorker$1.execute(DefaultTaskPlanExecutor.java:98)
	at org.gradle.execution.taskgraph.DefaultTaskExecutionPlan.execute(DefaultTaskExecutionPlan.java:663)
	at org.gradle.execution.taskgraph.DefaultTaskExecutionPlan.executeWithTask(DefaultTaskExecutionPlan.java:597)
	at org.gradle.execution.taskgraph.DefaultTaskPlanExecutor$TaskExecutorWorker.run(DefaultTaskPlanExecutor.java:98)
	at org.gradle.execution.taskgraph.DefaultTaskPlanExecutor.process(DefaultTaskPlanExecutor.java:59)
	at org.gradle.execution.taskgraph.DefaultTaskGraphExecuter.execute(DefaultTaskGraphExecuter.java:130)
	at org.gradle.execution.SelectedTaskExecutionAction.execute(SelectedTaskExecutionAction.java:37)
	at org.gradle.execution.DefaultBuildExecuter.execute(DefaultBuildExecuter.java:37)
	at org.gradle.execution.DefaultBuildExecuter.access$000(DefaultBuildExecuter.java:23)
	at org.gradle.execution.DefaultBuildExecuter$1.proceed(DefaultBuildExecuter.java:43)
	at org.gradle.execution.DryRunBuildExecutionAction.execute(DryRunBuildExecutionAction.java:46)
	at org.gradle.execution.DefaultBuildExecuter.execute(DefaultBuildExecuter.java:37)
	at org.gradle.execution.DefaultBuildExecuter.execute(DefaultBuildExecuter.java:30)
	at org.gradle.initialization.DefaultGradleLauncher$ExecuteTasks.run(DefaultGradleLauncher.java:336)
	at org.gradle.internal.progress.DefaultBuildOperationExecutor$RunnableBuildOperationWorker.execute(DefaultBuildOperationExecutor.java:336)
	at org.gradle.internal.progress.DefaultBuildOperationExecutor$RunnableBuildOperationWorker.execute(DefaultBuildOperationExecutor.java:328)
	at org.gradle.internal.progress.DefaultBuildOperationExecutor.execute(DefaultBuildOperationExecutor.java:199)
	at org.gradle.internal.progress.DefaultBuildOperationExecutor.run(DefaultBuildOperationExecutor.java:110)
	at org.gradle.initialization.DefaultGradleLauncher.runTasks(DefaultGradleLauncher.java:210)
	at org.gradle.initialization.DefaultGradleLauncher.doBuildStages(DefaultGradleLauncher.java:140)
	at org.gradle.initialization.DefaultGradleLauncher.executeTasks(DefaultGradleLauncher.java:115)
	at org.gradle.internal.invocation.GradleBuildController$1.call(GradleBuildController.java:78)
	at org.gradle.internal.invocation.GradleBuildController$1.call(GradleBuildController.java:75)
	at org.gradle.internal.work.DefaultWorkerLeaseService.withLocks(DefaultWorkerLeaseService.java:152)
	at org.gradle.internal.invocation.GradleBuildController.doBuild(GradleBuildController.java:100)
	at org.gradle.internal.invocation.GradleBuildController.run(GradleBuildController.java:75)
	at org.gradle.tooling.internal.provider.ExecuteBuildActionRunner.run(ExecuteBuildActionRunner.java:28)
	at org.gradle.launcher.exec.ChainingBuildActionRunner.run(ChainingBuildActionRunner.java:35)
	at org.gradle.tooling.internal.provider.ValidatingBuildActionRunner.run(ValidatingBuildActionRunner.java:32)
	at org.gradle.launcher.exec.RunAsBuildOperationBuildActionRunner$1.run(RunAsBuildOperationBuildActionRunner.java:43)
	at org.gradle.internal.progress.DefaultBuildOperationExecutor$RunnableBuildOperationWorker.execute(DefaultBuildOperationExecutor.java:336)
	at org.gradle.internal.progress.DefaultBuildOperationExecutor$RunnableBuildOperationWorker.execute(DefaultBuildOperationExecutor.java:328)
	at org.gradle.internal.progress.DefaultBuildOperationExecutor.execute(DefaultBuildOperationExecutor.java:199)
	at org.gradle.internal.progress.DefaultBuildOperationExecutor.run(DefaultBuildOperationExecutor.java:110)
	at org.gradle.launcher.exec.RunAsBuildOperationBuildActionRunner.run(RunAsBuildOperationBuildActionRunner.java:40)
	at org.gradle.tooling.internal.provider.SubscribableBuildActionRunner.run(SubscribableBuildActionRunner.java:51)
	at org.gradle.launcher.exec.InProcessBuildActionExecuter.execute(InProcessBuildActionExecuter.java:49)
	at org.gradle.launcher.exec.InProcessBuildActionExecuter.execute(InProcessBuildActionExecuter.java:32)
	at org.gradle.launcher.exec.BuildTreeScopeBuildActionExecuter.execute(BuildTreeScopeBuildActionExecuter.java:39)
	at org.gradle.launcher.exec.BuildTreeScopeBuildActionExecuter.execute(BuildTreeScopeBuildActionExecuter.java:25)
	at org.gradle.tooling.internal.provider.ContinuousBuildActionExecuter.execute(ContinuousBuildActionExecuter.java:80)
	at org.gradle.tooling.internal.provider.ContinuousBuildActionExecuter.execute(ContinuousBuildActionExecuter.java:53)
	at org.gradle.tooling.internal.provider.ServicesSetupBuildActionExecuter.execute(ServicesSetupBuildActionExecuter.java:57)
	at org.gradle.tooling.internal.provider.ServicesSetupBuildActionExecuter.execute(ServicesSetupBuildActionExecuter.java:32)
	at org.gradle.tooling.internal.provider.GradleThreadBuildActionExecuter.execute(GradleThreadBuildActionExecuter.java:36)
	at org.gradle.tooling.internal.provider.GradleThreadBuildActionExecuter.execute(GradleThreadBuildActionExecuter.java:25)
	at org.gradle.tooling.internal.provider.ParallelismConfigurationBuildActionExecuter.execute(ParallelismConfigurationBuildActionExecuter.java:43)
	at org.gradle.tooling.internal.provider.ParallelismConfigurationBuildActionExecuter.execute(ParallelismConfigurationBuildActionExecuter.java:29)
	at org.gradle.tooling.internal.provider.StartParamsValidatingActionExecuter.execute(StartParamsValidatingActionExecuter.java:64)
	at org.gradle.tooling.internal.provider.StartParamsValidatingActionExecuter.execute(StartParamsValidatingActionExecuter.java:29)
	at org.gradle.tooling.internal.provider.SessionFailureReportingActionExecuter.execute(SessionFailureReportingActionExecuter.java:59)
	at org.gradle.tooling.internal.provider.SessionFailureReportingActionExecuter.execute(SessionFailureReportingActionExecuter.java:44)
	at org.gradle.tooling.internal.provider.SetupLoggingActionExecuter.execute(SetupLoggingActionExecuter.java:45)
	at org.gradle.tooling.internal.provider.SetupLoggingActionExecuter.execute(SetupLoggingActionExecuter.java:30)
	at org.gradle.launcher.cli.RunBuildAction.run(RunBuildAction.java:51)
	at org.gradle.internal.Actions$RunnableActionAdapter.execute(Actions.java:173)
	at org.gradle.launcher.cli.CommandLineActionFactory$ParseAndBuildAction.execute(CommandLineActionFactory.java:285)
	at org.gradle.launcher.cli.CommandLineActionFactory$ParseAndBuildAction.execute(CommandLineActionFactory.java:258)
	at org.gradle.launcher.cli.ExceptionReportingAction.execute(ExceptionReportingAction.java:33)
	at org.gradle.launcher.cli.ExceptionReportingAction.execute(ExceptionReportingAction.java:22)
	at org.gradle.launcher.cli.CommandLineActionFactory$WithLogging.execute(CommandLineActionFactory.java:251)
	at org.gradle.launcher.cli.CommandLineActionFactory$WithLogging.execute(CommandLineActionFactory.java:185)
	at org.gradle.launcher.Main.doAction(Main.java:36)
	at org.gradle.launcher.bootstrap.EntryPoint.run(EntryPoint.java:45)
	at org.gradle.launcher.bootstrap.ProcessBootstrap.runNoExit(ProcessBootstrap.java:60)
	at org.gradle.launcher.bootstrap.ProcessBootstrap.run(ProcessBootstrap.java:37)
	at org.gradle.launcher.GradleMain.main(GradleMain.java:23)
	at org.gradle.wrapper.BootstrapMainStarter.start(BootstrapMainStarter.java:31)
	at org.gradle.wrapper.WrapperExecutor.execute(WrapperExecutor.java:108)
	at org.gradle.wrapper.GradleWrapperMain.main(GradleWrapperMain.java:61)
Caused by: org.gradle.internal.UncheckedException: java.util.concurrent.ExecutionException: com.android.builder.internal.aapt.v2.Aapt2Exception: Android resource linking failed
Output:  /private/var/folders/bq/vtzpc5ns5sg2cthy61lqpg3dfzgbys/T/1573395008840-0/src/SnapTabLayout-master/SnapTablayout/build/intermediates/res/merged/release/layout/snap_tab_view.xml:9: error: attribute layout_constraintBottom_toBottomOf (aka com.fridayof1995.tabanimation:layout_constraintBottom_toBottomOf) not found.
/private/var/folders/bq/vtzpc5ns5sg2cthy61lqpg3dfzgbys/T/1573395008840-0/src/SnapTabLayout-master/SnapTablayout/build/intermediates/res/merged/release/layout/snap_tab_view.xml:15: error: attribute layout_constraintBottom_toBottomOf (aka com.fridayof1995.tabanimation:layout_constraintBottom_toBottomOf) not found.
/private/var/folders/bq/vtzpc5ns5sg2cthy61lqpg3dfzgbys/T/1573395008840-0/src/SnapTabLayout-master/SnapTablayout/build/intermediates/res/merged/release/layout/snap_tab_view.xml:21: error: attribute layout_constraintBottom_toTopOf (aka com.fridayof1995.tabanimation:layout_constraintBottom_toTopOf) not found.
/private/var/folders/bq/vtzpc5ns5sg2cthy61lqpg3dfzgbys/T/1573395008840-0/src/SnapTabLayout-master/SnapTablayout/build/intermediates/res/merged/release/layout/snap_tab_view.xml:21: error: attribute layout_constraintEnd_toEndOf (aka com.fridayof1995.tabanimation:layout_constraintEnd_toEndOf) not found.
/private/var/folders/bq/vtzpc5ns5sg2cthy61lqpg3dfzgbys/T/1573395008840-0/src/SnapTabLayout-master/SnapTablayout/build/intermediates/res/merged/release/layout/snap_tab_view.xml:21: error: attribute layout_constraintStart_toStartOf (aka com.fridayof1995.tabanimation:layout_constraintStart_toStartOf) not found.
/private/var/folders/bq/vtzpc5ns5sg2cthy61lqpg3dfzgbys/T/1573395008840-0/src/SnapTabLayout-master/SnapTablayout/build/intermediates/res/merged/release/layout/snap_tab_view.xml:21: error: attribute layout_constraintTop_toTopOf (aka com.fridayof1995.tabanimation:layout_constraintTop_toTopOf) not found.
/private/var/folders/bq/vtzpc5ns5sg2cthy61lqpg3dfzgbys/T/1573395008840-0/src/SnapTabLayout-master/SnapTablayout/build/intermediates/res/merged/release/layout/snap_tab_view.xml:32: error: attribute layout_constraintBottom_toBottomOf (aka com.fridayof1995.tabanimation:layout_constraintBottom_toBottomOf) not found.
/private/var/folders/bq/vtzpc5ns5sg2cthy61lqpg3dfzgbys/T/1573395008840-0/src/SnapTabLayout-master/SnapTablayout/build/intermediates/res/merged/release/layout/snap_tab_view.xml:32: error: attribute layout_constraintEnd_toStartOf (aka com.fridayof1995.tabanimation:layout_constraintEnd_toStartOf) not found.
/private/var/folders/bq/vtzpc5ns5sg2cthy61lqpg3dfzgbys/T/1573395008840-0/src/SnapTabLayout-master/SnapTablayout/build/intermediates/res/merged/release/layout/snap_tab_view.xml:32: error: attribute layout_constraintStart_toEndOf (aka com.fridayof1995.tabanimation:layout_constraintStart_toEndOf) not found.
/private/var/folders/bq/vtzpc5ns5sg2cthy61lqpg3dfzgbys/T/1573395008840-0/src/SnapTabLayout-master/SnapTablayout/build/intermediates/res/merged/release/layout/snap_tab_view.xml:32: error: attribute layout_constraintTop_toTopOf (aka com.fridayof1995.tabanimation:layout_constraintTop_toTopOf) not found.
/private/var/folders/bq/vtzpc5ns5sg2cthy61lqpg3dfzgbys/T/1573395008840-0/src/SnapTabLayout-master/SnapTablayout/build/intermediates/res/merged/release/layout/snap_tab_view.xml:43: error: attribute layout_constraintBottom_toBottomOf (aka com.fridayof1995.tabanimation:layout_constraintBottom_toBottomOf) not found.
/private/var/folders/bq/vtzpc5ns5sg2cthy61lqpg3dfzgbys/T/1573395008840-0/src/SnapTabLayout-master/SnapTablayout/build/intermediates/res/merged/release/layout/snap_tab_view.xml:43: error: attribute layout_constraintStart_toStartOf (aka com.fridayof1995.tabanimation:layout_constraintStart_toStartOf) not found.
/private/var/folders/bq/vtzpc5ns5sg2cthy61lqpg3dfzgbys/T/1573395008840-0/src/SnapTabLayout-master/SnapTablayout/build/intermediates/res/merged/release/layout/snap_tab_view.xml:43: error: attribute layout_constraintTop_toBottomOf (aka com.fridayof1995.tabanimation:layout_constraintTop_toBottomOf) not found.
/private/var/folders/bq/vtzpc5ns5sg2cthy61lqpg3dfzgbys/T/1573395008840-0/src/SnapTabLayout-master/SnapTablayout/build/intermediates/res/merged/release/layout/snap_tab_view.xml:54: error: attribute layout_constraintBottom_toBottomOf (aka com.fridayof1995.tabanimation:layout_constraintBottom_toBottomOf) not found.
/private/var/folders/bq/vtzpc5ns5sg2cthy61lqpg3dfzgbys/T/1573395008840-0/src/SnapTabLayout-master/SnapTablayout/build/intermediates/res/merged/release/layout/snap_tab_view.xml:54: error: attribute layout_constraintEnd_toEndOf (aka com.fridayof1995.tabanimation:layout_constraintEnd_toEndOf) not found.
/private/var/folders/bq/vtzpc5ns5sg2cthy61lqpg3dfzgbys/T/1573395008840-0/src/SnapTabLayout-master/SnapTablayout/build/intermediates/res/merged/release/layout/snap_tab_view.xml:54: error: attribute layout_constraintTop_toBottomOf (aka com.fridayof1995.tabanimation:layout_constraintTop_toBottomOf) not found.
/private/var/folders/bq/vtzpc5ns5sg2cthy61lqpg3dfzgbys/T/1573395008840-0/src/SnapTabLayout-master/SnapTablayout/build/intermediates/res/merged/release/layout/snap_tab_view.xml:65: error: attribute layout_constraintBottom_toBottomOf (aka com.fridayof1995.tabanimation:layout_constraintBottom_toBottomOf) not found.
/private/var/folders/bq/vtzpc5ns5sg2cthy61lqpg3dfzgbys/T/1573395008840-0/src/SnapTabLayout-master/SnapTablayout/build/intermediates/res/merged/release/layout/snap_tab_view.xml:65: error: attribute layout_constraintEnd_toStartOf (aka com.fridayof1995.tabanimation:layout_constraintEnd_toStartOf) not found.
/private/var/folders/bq/vtzpc5ns5sg2cthy61lqpg3dfzgbys/T/1573395008840-0/src/SnapTabLayout-master/SnapTablayout/build/intermediates/res/merged/release/layout/snap_tab_view.xml:65: error: attribute layout_constraintStart_toEndOf (aka com.fridayof1995.tabanimation:layout_constraintStart_toEndOf) not found.
/private/var/folders/bq/vtzpc5ns5sg2cthy61lqpg3dfzgbys/T/1573395008840-0/src/SnapTabLayout-master/SnapTablayout/build/intermediates/res/merged/release/layout/snap_tab_view.xml:65: error: attribute layout_constraintTop_toBottomOf (aka com.fridayof1995.tabanimation:layout_constraintTop_toBottomOf) not found.

Command: /Users/vbauer/.gradle/caches/transforms-1/files-1.1/aapt2-3.2.1-4818971-osx.jar/d1c7a94294c8fc77d2a924239059c68c/aapt2-3.2.1-4818971-osx/aapt2 link -I\
        /Users/vbauer/Library/Android/sdk/platforms/android-28/android.jar\
        --manifest\
        /private/var/folders/bq/vtzpc5ns5sg2cthy61lqpg3dfzgbys/T/1573395008840-0/src/SnapTabLayout-master/SnapTablayout/build/intermediates/aapt_friendly_merged_manifests/release/processReleaseManifest/aapt/AndroidManifest.xml\
        -o\
        /var/folders/bq/vtzpc5ns5sg2cthy61lqpg3dfzgbys/T/aapt-2494822442054727623-out\
        -R\
        /private/var/folders/bq/vtzpc5ns5sg2cthy61lqpg3dfzgbys/T/1573395008840-0/src/SnapTabLayout-master/SnapTablayout/build/intermediates/res/compiled/release/layout_snap_tab_view.xml.flat\
        -R\
        /private/var/folders/bq/vtzpc5ns5sg2cthy61lqpg3dfzgbys/T/1573395008840-0/src/SnapTabLayout-master/SnapTablayout/build/intermediates/res/compiled/release/drawable_ic_ring.xml.flat\
        -R\
        /private/var/folders/bq/vtzpc5ns5sg2cthy61lqpg3dfzgbys/T/1573395008840-0/src/SnapTabLayout-master/SnapTablayout/build/intermediates/res/compiled/release/values_values.arsc.flat\
        -R\
        /private/var/folders/bq/vtzpc5ns5sg2cthy61lqpg3dfzgbys/T/1573395008840-0/src/SnapTabLayout-master/SnapTablayout/build/intermediates/res/compiled/release/drawable_tab_indicator.xml.flat\
        -R\
        /private/var/folders/bq/vtzpc5ns5sg2cthy61lqpg3dfzgbys/T/1573395008840-0/src/SnapTabLayout-master/SnapTablayout/build/intermediates/res/compiled/release/drawable_shadow_ring.xml.flat\
        --auto-add-overlay\
        --non-final-ids\
        -0\
        apk\
        --no-version-vectors
Daemon:  AAPT2 aapt2-3.2.1-4818971-osx Daemon #0
	at org.gradle.internal.UncheckedException.throwAsUncheckedException(UncheckedException.java:63)
	at org.gradle.internal.UncheckedException.throwAsUncheckedException(UncheckedException.java:40)
	at org.gradle.internal.reflect.JavaMethod.invoke(JavaMethod.java:76)
	at org.gradle.api.internal.project.taskfactory.IncrementalTaskAction.doExecute(IncrementalTaskAction.java:50)
	at org.gradle.api.internal.project.taskfactory.StandardTaskAction.execute(StandardTaskAction.java:39)
	at org.gradle.api.internal.project.taskfactory.StandardTaskAction.execute(StandardTaskAction.java:26)
	at org.gradle.api.internal.tasks.execution.ExecuteActionsTaskExecuter$1.run(ExecuteActionsTaskExecuter.java:124)
	at org.gradle.internal.progress.DefaultBuildOperationExecutor$RunnableBuildOperationWorker.execute(DefaultBuildOperationExecutor.java:336)
	at org.gradle.internal.progress.DefaultBuildOperationExecutor$RunnableBuildOperationWorker.execute(DefaultBuildOperationExecutor.java:328)
	at org.gradle.internal.progress.DefaultBuildOperationExecutor.execute(DefaultBuildOperationExecutor.java:199)
	at org.gradle.internal.progress.DefaultBuildOperationExecutor.run(DefaultBuildOperationExecutor.java:110)
	at org.gradle.api.internal.tasks.execution.ExecuteActionsTaskExecuter.executeAction(ExecuteActionsTaskExecuter.java:113)
	at org.gradle.api.internal.tasks.execution.ExecuteActionsTaskExecuter.executeActions(ExecuteActionsTaskExecuter.java:95)
	... 93 more
Caused by: java.util.concurrent.ExecutionException: com.android.builder.internal.aapt.v2.Aapt2Exception: Android resource linking failed
Output:  /private/var/folders/bq/vtzpc5ns5sg2cthy61lqpg3dfzgbys/T/1573395008840-0/src/SnapTabLayout-master/SnapTablayout/build/intermediates/res/merged/release/layout/snap_tab_view.xml:9: error: attribute layout_constraintBottom_toBottomOf (aka com.fridayof1995.tabanimation:layout_constraintBottom_toBottomOf) not found.
/private/var/folders/bq/vtzpc5ns5sg2cthy61lqpg3dfzgbys/T/1573395008840-0/src/SnapTabLayout-master/SnapTablayout/build/intermediates/res/merged/release/layout/snap_tab_view.xml:15: error: attribute layout_constraintBottom_toBottomOf (aka com.fridayof1995.tabanimation:layout_constraintBottom_toBottomOf) not found.
/private/var/folders/bq/vtzpc5ns5sg2cthy61lqpg3dfzgbys/T/1573395008840-0/src/SnapTabLayout-master/SnapTablayout/build/intermediates/res/merged/release/layout/snap_tab_view.xml:21: error: attribute layout_constraintBottom_toTopOf (aka com.fridayof1995.tabanimation:layout_constraintBottom_toTopOf) not found.
/private/var/folders/bq/vtzpc5ns5sg2cthy61lqpg3dfzgbys/T/1573395008840-0/src/SnapTabLayout-master/SnapTablayout/build/intermediates/res/merged/release/layout/snap_tab_view.xml:21: error: attribute layout_constraintEnd_toEndOf (aka com.fridayof1995.tabanimation:layout_constraintEnd_toEndOf) not found.
/private/var/folders/bq/vtzpc5ns5sg2cthy61lqpg3dfzgbys/T/1573395008840-0/src/SnapTabLayout-master/SnapTablayout/build/intermediates/res/merged/release/layout/snap_tab_view.xml:21: error: attribute layout_constraintStart_toStartOf (aka com.fridayof1995.tabanimation:layout_constraintStart_toStartOf) not found.
/private/var/folders/bq/vtzpc5ns5sg2cthy61lqpg3dfzgbys/T/1573395008840-0/src/SnapTabLayout-master/SnapTablayout/build/intermediates/res/merged/release/layout/snap_tab_view.xml:21: error: attribute layout_constraintTop_toTopOf (aka com.fridayof1995.tabanimation:layout_constraintTop_toTopOf) not found.
/private/var/folders/bq/vtzpc5ns5sg2cthy61lqpg3dfzgbys/T/1573395008840-0/src/SnapTabLayout-master/SnapTablayout/build/intermediates/res/merged/release/layout/snap_tab_view.xml:32: error: attribute layout_constraintBottom_toBottomOf (aka com.fridayof1995.tabanimation:layout_constraintBottom_toBottomOf) not found.
/private/var/folders/bq/vtzpc5ns5sg2cthy61lqpg3dfzgbys/T/1573395008840-0/src/SnapTabLayout-master/SnapTablayout/build/intermediates/res/merged/release/layout/snap_tab_view.xml:32: error: attribute layout_constraintEnd_toStartOf (aka com.fridayof1995.tabanimation:layout_constraintEnd_toStartOf) not found.
/private/var/folders/bq/vtzpc5ns5sg2cthy61lqpg3dfzgbys/T/1573395008840-0/src/SnapTabLayout-master/SnapTablayout/build/intermediates/res/merged/release/layout/snap_tab_view.xml:32: error: attribute layout_constraintStart_toEndOf (aka com.fridayof1995.tabanimation:layout_constraintStart_toEndOf) not found.
/private/var/folders/bq/vtzpc5ns5sg2cthy61lqpg3dfzgbys/T/1573395008840-0/src/SnapTabLayout-master/SnapTablayout/build/intermediates/res/merged/release/layout/snap_tab_view.xml:32: error: attribute layout_constraintTop_toTopOf (aka com.fridayof1995.tabanimation:layout_constraintTop_toTopOf) not found.
/private/var/folders/bq/vtzpc5ns5sg2cthy61lqpg3dfzgbys/T/1573395008840-0/src/SnapTabLayout-master/SnapTablayout/build/intermediates/res/merged/release/layout/snap_tab_view.xml:43: error: attribute layout_constraintBottom_toBottomOf (aka com.fridayof1995.tabanimation:layout_constraintBottom_toBottomOf) not found.
/private/var/folders/bq/vtzpc5ns5sg2cthy61lqpg3dfzgbys/T/1573395008840-0/src/SnapTabLayout-master/SnapTablayout/build/intermediates/res/merged/release/layout/snap_tab_view.xml:43: error: attribute layout_constraintStart_toStartOf (aka com.fridayof1995.tabanimation:layout_constraintStart_toStartOf) not found.
/private/var/folders/bq/vtzpc5ns5sg2cthy61lqpg3dfzgbys/T/1573395008840-0/src/SnapTabLayout-master/SnapTablayout/build/intermediates/res/merged/release/layout/snap_tab_view.xml:43: error: attribute layout_constraintTop_toBottomOf (aka com.fridayof1995.tabanimation:layout_constraintTop_toBottomOf) not found.
/private/var/folders/bq/vtzpc5ns5sg2cthy61lqpg3dfzgbys/T/1573395008840-0/src/SnapTabLayout-master/SnapTablayout/build/intermediates/res/merged/release/layout/snap_tab_view.xml:54: error: attribute layout_constraintBottom_toBottomOf (aka com.fridayof1995.tabanimation:layout_constraintBottom_toBottomOf) not found.
/private/var/folders/bq/vtzpc5ns5sg2cthy61lqpg3dfzgbys/T/1573395008840-0/src/SnapTabLayout-master/SnapTablayout/build/intermediates/res/merged/release/layout/snap_tab_view.xml:54: error: attribute layout_constraintEnd_toEndOf (aka com.fridayof1995.tabanimation:layout_constraintEnd_toEndOf) not found.
/private/var/folders/bq/vtzpc5ns5sg2cthy61lqpg3dfzgbys/T/1573395008840-0/src/SnapTabLayout-master/SnapTablayout/build/intermediates/res/merged/release/layout/snap_tab_view.xml:54: error: attribute layout_constraintTop_toBottomOf (aka com.fridayof1995.tabanimation:layout_constraintTop_toBottomOf) not found.
/private/var/folders/bq/vtzpc5ns5sg2cthy61lqpg3dfzgbys/T/1573395008840-0/src/SnapTabLayout-master/SnapTablayout/build/intermediates/res/merged/release/layout/snap_tab_view.xml:65: error: attribute layout_constraintBottom_toBottomOf (aka com.fridayof1995.tabanimation:layout_constraintBottom_toBottomOf) not found.
/private/var/folders/bq/vtzpc5ns5sg2cthy61lqpg3dfzgbys/T/1573395008840-0/src/SnapTabLayout-master/SnapTablayout/build/intermediates/res/merged/release/layout/snap_tab_view.xml:65: error: attribute layout_constraintEnd_toStartOf (aka com.fridayof1995.tabanimation:layout_constraintEnd_toStartOf) not found.
/private/var/folders/bq/vtzpc5ns5sg2cthy61lqpg3dfzgbys/T/1573395008840-0/src/SnapTabLayout-master/SnapTablayout/build/intermediates/res/merged/release/layout/snap_tab_view.xml:65: error: attribute layout_constraintStart_toEndOf (aka com.fridayof1995.tabanimation:layout_constraintStart_toEndOf) not found.
/private/var/folders/bq/vtzpc5ns5sg2cthy61lqpg3dfzgbys/T/1573395008840-0/src/SnapTabLayout-master/SnapTablayout/build/intermediates/res/merged/release/layout/snap_tab_view.xml:65: error: attribute layout_constraintTop_toBottomOf (aka com.fridayof1995.tabanimation:layout_constraintTop_toBottomOf) not found.

Command: /Users/vbauer/.gradle/caches/transforms-1/files-1.1/aapt2-3.2.1-4818971-osx.jar/d1c7a94294c8fc77d2a924239059c68c/aapt2-3.2.1-4818971-osx/aapt2 link -I\
        /Users/vbauer/Library/Android/sdk/platforms/android-28/android.jar\
        --manifest\
        /private/var/folders/bq/vtzpc5ns5sg2cthy61lqpg3dfzgbys/T/1573395008840-0/src/SnapTabLayout-master/SnapTablayout/build/intermediates/aapt_friendly_merged_manifests/release/processReleaseManifest/aapt/AndroidManifest.xml\
        -o\
        /var/folders/bq/vtzpc5ns5sg2cthy61lqpg3dfzgbys/T/aapt-2494822442054727623-out\
        -R\
        /private/var/folders/bq/vtzpc5ns5sg2cthy61lqpg3dfzgbys/T/1573395008840-0/src/SnapTabLayout-master/SnapTablayout/build/intermediates/res/compiled/release/layout_snap_tab_view.xml.flat\
        -R\
        /private/var/folders/bq/vtzpc5ns5sg2cthy61lqpg3dfzgbys/T/1573395008840-0/src/SnapTabLayout-master/SnapTablayout/build/intermediates/res/compiled/release/drawable_ic_ring.xml.flat\
        -R\
        /private/var/folders/bq/vtzpc5ns5sg2cthy61lqpg3dfzgbys/T/1573395008840-0/src/SnapTabLayout-master/SnapTablayout/build/intermediates/res/compiled/release/values_values.arsc.flat\
        -R\
        /private/var/folders/bq/vtzpc5ns5sg2cthy61lqpg3dfzgbys/T/1573395008840-0/src/SnapTabLayout-master/SnapTablayout/build/intermediates/res/compiled/release/drawable_tab_indicator.xml.flat\
        -R\
        /private/var/folders/bq/vtzpc5ns5sg2cthy61lqpg3dfzgbys/T/1573395008840-0/src/SnapTabLayout-master/SnapTablayout/build/intermediates/res/compiled/release/drawable_shadow_ring.xml.flat\
        --auto-add-overlay\
        --non-final-ids\
        -0\
        apk\
        --no-version-vectors
Daemon:  AAPT2 aapt2-3.2.1-4818971-osx Daemon #0
	at com.android.ide.common.workers.ExecutorServiceAdapter.close(ExecutorServiceAdapter.kt:56)
	at kotlin.io.CloseableKt.closeFinally(Closeable.kt:65)
	at com.android.build.gradle.tasks.VerifyLibraryResourcesTask.compileAndVerifyResources(VerifyLibraryResourcesTask.kt:150)
	at com.android.build.gradle.tasks.VerifyLibraryResourcesTask.doFullTaskAction(VerifyLibraryResourcesTask.kt:129)
	at com.android.build.gradle.internal.tasks.IncrementalTask.taskAction(IncrementalTask.java:106)
	at org.gradle.internal.reflect.JavaMethod.invoke(JavaMethod.java:73)
	... 103 more
Caused by: com.android.builder.internal.aapt.v2.Aapt2Exception: Android resource linking failed
Output:  /private/var/folders/bq/vtzpc5ns5sg2cthy61lqpg3dfzgbys/T/1573395008840-0/src/SnapTabLayout-master/SnapTablayout/build/intermediates/res/merged/release/layout/snap_tab_view.xml:9: error: attribute layout_constraintBottom_toBottomOf (aka com.fridayof1995.tabanimation:layout_constraintBottom_toBottomOf) not found.
/private/var/folders/bq/vtzpc5ns5sg2cthy61lqpg3dfzgbys/T/1573395008840-0/src/SnapTabLayout-master/SnapTablayout/build/intermediates/res/merged/release/layout/snap_tab_view.xml:15: error: attribute layout_constraintBottom_toBottomOf (aka com.fridayof1995.tabanimation:layout_constraintBottom_toBottomOf) not found.
/private/var/folders/bq/vtzpc5ns5sg2cthy61lqpg3dfzgbys/T/1573395008840-0/src/SnapTabLayout-master/SnapTablayout/build/intermediates/res/merged/release/layout/snap_tab_view.xml:21: error: attribute layout_constraintBottom_toTopOf (aka com.fridayof1995.tabanimation:layout_constraintBottom_toTopOf) not found.
/private/var/folders/bq/vtzpc5ns5sg2cthy61lqpg3dfzgbys/T/1573395008840-0/src/SnapTabLayout-master/SnapTablayout/build/intermediates/res/merged/release/layout/snap_tab_view.xml:21: error: attribute layout_constraintEnd_toEndOf (aka com.fridayof1995.tabanimation:layout_constraintEnd_toEndOf) not found.
/private/var/folders/bq/vtzpc5ns5sg2cthy61lqpg3dfzgbys/T/1573395008840-0/src/SnapTabLayout-master/SnapTablayout/build/intermediates/res/merged/release/layout/snap_tab_view.xml:21: error: attribute layout_constraintStart_toStartOf (aka com.fridayof1995.tabanimation:layout_constraintStart_toStartOf) not found.
/private/var/folders/bq/vtzpc5ns5sg2cthy61lqpg3dfzgbys/T/1573395008840-0/src/SnapTabLayout-master/SnapTablayout/build/intermediates/res/merged/release/layout/snap_tab_view.xml:21: error: attribute layout_constraintTop_toTopOf (aka com.fridayof1995.tabanimation:layout_constraintTop_toTopOf) not found.
/private/var/folders/bq/vtzpc5ns5sg2cthy61lqpg3dfzgbys/T/1573395008840-0/src/SnapTabLayout-master/SnapTablayout/build/intermediates/res/merged/release/layout/snap_tab_view.xml:32: error: attribute layout_constraintBottom_toBottomOf (aka com.fridayof1995.tabanimation:layout_constraintBottom_toBottomOf) not found.
/private/var/folders/bq/vtzpc5ns5sg2cthy61lqpg3dfzgbys/T/1573395008840-0/src/SnapTabLayout-master/SnapTablayout/build/intermediates/res/merged/release/layout/snap_tab_view.xml:32: error: attribute layout_constraintEnd_toStartOf (aka com.fridayof1995.tabanimation:layout_constraintEnd_toStartOf) not found.
/private/var/folders/bq/vtzpc5ns5sg2cthy61lqpg3dfzgbys/T/1573395008840-0/src/SnapTabLayout-master/SnapTablayout/build/intermediates/res/merged/release/layout/snap_tab_view.xml:32: error: attribute layout_constraintStart_toEndOf (aka com.fridayof1995.tabanimation:layout_constraintStart_toEndOf) not found.
/private/var/folders/bq/vtzpc5ns5sg2cthy61lqpg3dfzgbys/T/1573395008840-0/src/SnapTabLayout-master/SnapTablayout/build/intermediates/res/merged/release/layout/snap_tab_view.xml:32: error: attribute layout_constraintTop_toTopOf (aka com.fridayof1995.tabanimation:layout_constraintTop_toTopOf) not found.
/private/var/folders/bq/vtzpc5ns5sg2cthy61lqpg3dfzgbys/T/1573395008840-0/src/SnapTabLayout-master/SnapTablayout/build/intermediates/res/merged/release/layout/snap_tab_view.xml:43: error: attribute layout_constraintBottom_toBottomOf (aka com.fridayof1995.tabanimation:layout_constraintBottom_toBottomOf) not found.
/private/var/folders/bq/vtzpc5ns5sg2cthy61lqpg3dfzgbys/T/1573395008840-0/src/SnapTabLayout-master/SnapTablayout/build/intermediates/res/merged/release/layout/snap_tab_view.xml:43: error: attribute layout_constraintStart_toStartOf (aka com.fridayof1995.tabanimation:layout_constraintStart_toStartOf) not found.
/private/var/folders/bq/vtzpc5ns5sg2cthy61lqpg3dfzgbys/T/1573395008840-0/src/SnapTabLayout-master/SnapTablayout/build/intermediates/res/merged/release/layout/snap_tab_view.xml:43: error: attribute layout_constraintTop_toBottomOf (aka com.fridayof1995.tabanimation:layout_constraintTop_toBottomOf) not found.
/private/var/folders/bq/vtzpc5ns5sg2cthy61lqpg3dfzgbys/T/1573395008840-0/src/SnapTabLayout-master/SnapTablayout/build/intermediates/res/merged/release/layout/snap_tab_view.xml:54: error: attribute layout_constraintBottom_toBottomOf (aka com.fridayof1995.tabanimation:layout_constraintBottom_toBottomOf) not found.
/private/var/folders/bq/vtzpc5ns5sg2cthy61lqpg3dfzgbys/T/1573395008840-0/src/SnapTabLayout-master/SnapTablayout/build/intermediates/res/merged/release/layout/snap_tab_view.xml:54: error: attribute layout_constraintEnd_toEndOf (aka com.fridayof1995.tabanimation:layout_constraintEnd_toEndOf) not found.
/private/var/folders/bq/vtzpc5ns5sg2cthy61lqpg3dfzgbys/T/1573395008840-0/src/SnapTabLayout-master/SnapTablayout/build/intermediates/res/merged/release/layout/snap_tab_view.xml:54: error: attribute layout_constraintTop_toBottomOf (aka com.fridayof1995.tabanimation:layout_constraintTop_toBottomOf) not found.
/private/var/folders/bq/vtzpc5ns5sg2cthy61lqpg3dfzgbys/T/1573395008840-0/src/SnapTabLayout-master/SnapTablayout/build/intermediates/res/merged/release/layout/snap_tab_view.xml:65: error: attribute layout_constraintBottom_toBottomOf (aka com.fridayof1995.tabanimation:layout_constraintBottom_toBottomOf) not found.
/private/var/folders/bq/vtzpc5ns5sg2cthy61lqpg3dfzgbys/T/1573395008840-0/src/SnapTabLayout-master/SnapTablayout/build/intermediates/res/merged/release/layout/snap_tab_view.xml:65: error: attribute layout_constraintEnd_toStartOf (aka com.fridayof1995.tabanimation:layout_constraintEnd_toStartOf) not found.
/private/var/folders/bq/vtzpc5ns5sg2cthy61lqpg3dfzgbys/T/1573395008840-0/src/SnapTabLayout-master/SnapTablayout/build/intermediates/res/merged/release/layout/snap_tab_view.xml:65: error: attribute layout_constraintStart_toEndOf (aka com.fridayof1995.tabanimation:layout_constraintStart_toEndOf) not found.
/private/var/folders/bq/vtzpc5ns5sg2cthy61lqpg3dfzgbys/T/1573395008840-0/src/SnapTabLayout-master/SnapTablayout/build/intermediates/res/merged/release/layout/snap_tab_view.xml:65: error: attribute layout_constraintTop_toBottomOf (aka com.fridayof1995.tabanimation:layout_constraintTop_toBottomOf) not found.

Command: /Users/vbauer/.gradle/caches/transforms-1/files-1.1/aapt2-3.2.1-4818971-osx.jar/d1c7a94294c8fc77d2a924239059c68c/aapt2-3.2.1-4818971-osx/aapt2 link -I\
        /Users/vbauer/Library/Android/sdk/platforms/android-28/android.jar\
        --manifest\
        /private/var/folders/bq/vtzpc5ns5sg2cthy61lqpg3dfzgbys/T/1573395008840-0/src/SnapTabLayout-master/SnapTablayout/build/intermediates/aapt_friendly_merged_manifests/release/processReleaseManifest/aapt/AndroidManifest.xml\
        -o\
        /var/folders/bq/vtzpc5ns5sg2cthy61lqpg3dfzgbys/T/aapt-2494822442054727623-out\
        -R\
        /private/var/folders/bq/vtzpc5ns5sg2cthy61lqpg3dfzgbys/T/1573395008840-0/src/SnapTabLayout-master/SnapTablayout/build/intermediates/res/compiled/release/layout_snap_tab_view.xml.flat\
        -R\
        /private/var/folders/bq/vtzpc5ns5sg2cthy61lqpg3dfzgbys/T/1573395008840-0/src/SnapTabLayout-master/SnapTablayout/build/intermediates/res/compiled/release/drawable_ic_ring.xml.flat\
        -R\
        /private/var/folders/bq/vtzpc5ns5sg2cthy61lqpg3dfzgbys/T/1573395008840-0/src/SnapTabLayout-master/SnapTablayout/build/intermediates/res/compiled/release/values_values.arsc.flat\
        -R\
        /private/var/folders/bq/vtzpc5ns5sg2cthy61lqpg3dfzgbys/T/1573395008840-0/src/SnapTabLayout-master/SnapTablayout/build/intermediates/res/compiled/release/drawable_tab_indicator.xml.flat\
        -R\
        /private/var/folders/bq/vtzpc5ns5sg2cthy61lqpg3dfzgbys/T/1573395008840-0/src/SnapTabLayout-master/SnapTablayout/build/intermediates/res/compiled/release/drawable_shadow_ring.xml.flat\
        --auto-add-overlay\
        --non-final-ids\
        -0\
        apk\
        --no-version-vectors
Daemon:  AAPT2 aapt2-3.2.1-4818971-osx Daemon #0
	at com.android.builder.internal.aapt.v2.Aapt2DaemonImpl.doLink(Aapt2DaemonImpl.kt:177)
	at com.android.builder.internal.aapt.v2.Aapt2Daemon.link(Aapt2Daemon.kt:103)
	at com.android.builder.internal.aapt.v2.Aapt2DaemonManager$LeasedAaptDaemon.link(Aapt2DaemonManager.kt:176)
	at com.android.builder.core.AndroidBuilder.processResources(AndroidBuilder.java:823)
	at com.android.build.gradle.internal.res.Aapt2ProcessResourcesRunnable$run$1.invoke(Aapt2ProcessResourcesRunnable.kt:34)
	at com.android.build.gradle.internal.res.Aapt2ProcessResourcesRunnable$run$1.invoke(Aapt2ProcessResourcesRunnable.kt:28)
	at com.android.build.gradle.internal.res.namespaced.Aapt2DaemonManagerService.useAaptDaemon(Aapt2DaemonManagerService.kt:71)
	at com.android.build.gradle.internal.res.namespaced.Aapt2DaemonManagerService.useAaptDaemon$default(Aapt2DaemonManagerService.kt:69)
	at com.android.build.gradle.internal.res.Aapt2ProcessResourcesRunnable.run(Aapt2ProcessResourcesRunnable.kt:33)
	at com.android.ide.common.workers.ExecutorServiceAdapter$submit$submission$1.run(ExecutorServiceAdapter.kt:39)


* Get more help at https://help.gradle.org

BUILD FAILED in 26s
47 actionable tasks: 47 executed

2019-11-10 21:10:58,533 INFO  ProjectTaskService - Detecting possible tasks...
2019-11-10 21:10:58,534 INFO  SysUtils - Execute command: [/var/folders/bq/vtzpc5ns5sg2cthy61lqpg3dfzgbys/T/1573395008840-0/src/SnapTabLayout-master/gradlew, -b, /var/folders/bq/vtzpc5ns5sg2cthy61lqpg3dfzgbys/T/1573395008840-0/src/SnapTabLayout-master/sample/build.gradle, -Dorg.gradle.daemon=false, -Dorg.gradle.daemon.performance.enable-monitoring=false, -Dorg.gradle.configureondemand=true, tasks]
2019-11-10 21:11:05,966 INFO  ProjectTaskService - Detected possible tasks: 69
2019-11-10 21:11:05,966 INFO  ProjectTaskService - Excluded tasks (18): lintDebug deviceCheck lint testReleaseUnitTest uninstallRelease deviceAndroidTest uninstallDebugAndroidTest installDebugAndroidTest connectedCheck connectedDebugAndroidTest uninstallAll test check testDebugUnitTest connectedAndroidTest installDebug lintRelease uninstallDebug
2019-11-10 21:11:05,966 INFO  SysUtils - Execute command: [/var/folders/bq/vtzpc5ns5sg2cthy61lqpg3dfzgbys/T/1573395008840-0/src/SnapTabLayout-master/gradlew, -b, /var/folders/bq/vtzpc5ns5sg2cthy61lqpg3dfzgbys/T/1573395008840-0/src/SnapTabLayout-master/sample/build.gradle, -Dorg.gradle.daemon=false, -Dorg.gradle.daemon.performance.enable-monitoring=false, -Dorg.gradle.configureondemand=true, --stacktrace, -x, lintDebug, -x, deviceCheck, -x, lint, -x, testReleaseUnitTest, -x, uninstallRelease, -x, deviceAndroidTest, -x, uninstallDebugAndroidTest, -x, installDebugAndroidTest, -x, connectedCheck, -x, connectedDebugAndroidTest, -x, uninstallAll, -x, test, -x, check, -x, testDebugUnitTest, -x, connectedAndroidTest, -x, installDebug, -x, lintRelease, -x, uninstallDebug, build]
2019-11-10 21:11:56,800 INFO  SysUtils - Configuration on demand is an incubating feature.
:sample:checkDebugClasspath
:sample:preBuild UP-TO-DATE
:SnapTablayout:preBuild UP-TO-DATE
:SnapTablayout:preDebugBuild UP-TO-DATE
:SnapTablayout:checkDebugManifest UP-TO-DATE
:SnapTablayout:processDebugManifest UP-TO-DATE
:sample:preDebugBuild
:SnapTablayout:compileDebugAidl NO-SOURCE
:sample:compileDebugAidl NO-SOURCE
:SnapTablayout:packageDebugRenderscript NO-SOURCE
:sample:compileDebugRenderscript
:sample:checkDebugManifest
:sample:generateDebugBuildConfig
:sample:mainApkListPersistenceDebug
:sample:generateDebugResValues
:sample:generateDebugResources
:SnapTablayout:compileDebugRenderscript UP-TO-DATE
:SnapTablayout:generateDebugResValues UP-TO-DATE
:SnapTablayout:generateDebugResources UP-TO-DATE
:SnapTablayout:packageDebugResources UP-TO-DATE
:sample:mergeDebugResources
:sample:createDebugCompatibleScreenManifests
:sample:processDebugManifest
:sample:splitsDiscoveryTaskDebug
:SnapTablayout:generateDebugRFile UP-TO-DATE
:sample:processDebugResources
:SnapTablayout:generateDebugBuildConfig UP-TO-DATE
:SnapTablayout:compileDebugKotlin UP-TO-DATE
:SnapTablayout:prepareLintJar UP-TO-DATE
:SnapTablayout:generateDebugSources UP-TO-DATE
:SnapTablayout:javaPreCompileDebug UP-TO-DATE
:SnapTablayout:compileDebugJavaWithJavac UP-TO-DATE
:SnapTablayout:processDebugJavaRes NO-SOURCE
:SnapTablayout:transformClassesAndResourcesWithPrepareIntermediateJarsForDebug
:sample:compileDebugKotlin
:sample:prepareLintJar
:sample:generateDebugSources
:sample:javaPreCompileDebug
:sample:compileDebugJavaWithJavac
:sample:compileDebugNdk NO-SOURCE
:sample:compileDebugSources
:sample:mergeDebugShaders
:sample:compileDebugShaders
:sample:generateDebugAssets
:SnapTablayout:mergeDebugShaders UP-TO-DATE
:SnapTablayout:compileDebugShaders UP-TO-DATE
:SnapTablayout:generateDebugAssets UP-TO-DATE
:SnapTablayout:packageDebugAssets UP-TO-DATE
:sample:mergeDebugAssets
:sample:transformClassesWithDexBuilderForDebug
D8: Stripped invalid locals information from 2 methods.
/Users/vbauer/.gradle/caches/modules-2/files-2.1/org.jetbrains.kotlin/kotlin-stdlib/1.3.10/b178c1501609c6e4ee8be635513cb023a466457d/kotlin-stdlib-1.3.10.jar: D8: Methods with invalid locals information:
  java.lang.Object kotlin.sequences.SequencesKt__SequencesKt$ifEmpty$1.invokeSuspend(java.lang.Object)
  Attempt to read local this but no local information was associated with the value being read.
/Users/vbauer/.gradle/caches/modules-2/files-2.1/org.jetbrains.kotlin/kotlin-stdlib/1.3.10/b178c1501609c6e4ee8be635513cb023a466457d/kotlin-stdlib-1.3.10.jar: D8: Methods with invalid locals information:
  java.lang.Object kotlin.sequences.SequencesKt___SequencesKt$zipWithNext$2.invokeSuspend(java.lang.Object)
  Attempt to read local this but no local information was associated with the value being read.
D8: Stripped invalid locals information from 1 method.
/Users/vbauer/.gradle/caches/modules-2/files-2.1/org.jetbrains.kotlin/kotlin-stdlib/1.3.10/b178c1501609c6e4ee8be635513cb023a466457d/kotlin-stdlib-1.3.10.jar: D8: Methods with invalid locals information:
  java.lang.Object kotlin.collections.SlidingWindowKt$windowedIterator$1.invokeSuspend(java.lang.Object)
  Attempt to read local this but no local information was associated with the value being read.
:sample:transformDexArchiveWithExternalLibsDexMergerForDebug
:sample:transformDexArchiveWithDexMergerForDebug
:sample:mergeDebugJniLibFolders
:SnapTablayout:compileDebugNdk NO-SOURCE
:SnapTablayout:mergeDebugJniLibFolders UP-TO-DATE
:SnapTablayout:transformNativeLibsWithMergeJniLibsForDebug UP-TO-DATE
:SnapTablayout:transformNativeLibsWithStripDebugSymbolForDebug UP-TO-DATE
:SnapTablayout:transformNativeLibsWithIntermediateJniLibsForDebug
:sample:transformNativeLibsWithMergeJniLibsForDebug
:sample:transformNativeLibsWithStripDebugSymbolForDebug
:sample:checkDebugLibraries
:sample:processDebugJavaRes NO-SOURCE
:sample:transformResourcesWithMergeJavaResForDebug
:sample:validateSigningDebug
:sample:packageDebug
:sample:assembleDebug
:sample:checkReleaseClasspath
:SnapTablayout:preReleaseBuild UP-TO-DATE
:SnapTablayout:checkReleaseManifest UP-TO-DATE
:SnapTablayout:processReleaseManifest UP-TO-DATE
:sample:preReleaseBuild
:SnapTablayout:compileReleaseAidl NO-SOURCE
:sample:compileReleaseAidl NO-SOURCE
:SnapTablayout:packageReleaseRenderscript NO-SOURCE
:sample:compileReleaseRenderscript
:sample:checkReleaseManifest
:sample:generateReleaseBuildConfig
:sample:mainApkListPersistenceRelease
:sample:generateReleaseResValues
:sample:generateReleaseResources
:SnapTablayout:compileReleaseRenderscript UP-TO-DATE
:SnapTablayout:generateReleaseResValues UP-TO-DATE
:SnapTablayout:generateReleaseResources UP-TO-DATE
:SnapTablayout:packageReleaseResources UP-TO-DATE
:sample:mergeReleaseResources
:sample:createReleaseCompatibleScreenManifests
:sample:processReleaseManifest
:sample:splitsDiscoveryTaskRelease
:SnapTablayout:generateReleaseRFile UP-TO-DATE
:sample:processReleaseResources
:SnapTablayout:generateReleaseBuildConfig UP-TO-DATE
:SnapTablayout:compileReleaseKotlin UP-TO-DATE
:SnapTablayout:generateReleaseSources UP-TO-DATE
:SnapTablayout:javaPreCompileRelease UP-TO-DATE
:SnapTablayout:compileReleaseJavaWithJavac UP-TO-DATE
:SnapTablayout:processReleaseJavaRes NO-SOURCE
:SnapTablayout:transformClassesAndResourcesWithPrepareIntermediateJarsForRelease
:sample:compileReleaseKotlin
:sample:generateReleaseSources
:sample:javaPreCompileRelease
:sample:compileReleaseJavaWithJavac
:sample:compileReleaseNdk NO-SOURCE
:sample:compileReleaseSources
:sample:lintVitalRelease
Calling mockable JAR artifact transform to create file: /Users/vbauer/.gradle/caches/transforms-1/files-1.1/android.jar/cf3884a4c33714d7e0cd6a6fc952db93/android.jar with input /Users/vbauer/Library/Android/sdk/platforms/android-28/android.jar
:sample:mergeReleaseShaders
:sample:compileReleaseShaders
:sample:generateReleaseAssets
:SnapTablayout:mergeReleaseShaders UP-TO-DATE
:SnapTablayout:compileReleaseShaders UP-TO-DATE
:SnapTablayout:generateReleaseAssets UP-TO-DATE
:SnapTablayout:packageReleaseAssets UP-TO-DATE
:sample:mergeReleaseAssets
:sample:transformClassesWithDexBuilderForRelease
:sample:transformDexArchiveWithExternalLibsDexMergerForRelease
:sample:transformDexArchiveWithDexMergerForRelease
:sample:mergeReleaseJniLibFolders
:SnapTablayout:compileReleaseNdk NO-SOURCE
:SnapTablayout:mergeReleaseJniLibFolders UP-TO-DATE
:SnapTablayout:transformNativeLibsWithMergeJniLibsForRelease UP-TO-DATE
:SnapTablayout:transformNativeLibsWithStripDebugSymbolForRelease UP-TO-DATE
:SnapTablayout:transformNativeLibsWithIntermediateJniLibsForRelease
:sample:transformNativeLibsWithMergeJniLibsForRelease
:sample:transformNativeLibsWithStripDebugSymbolForRelease
:sample:checkReleaseLibraries
:sample:processReleaseJavaRes NO-SOURCE
:sample:transformResourcesWithMergeJavaResForRelease
:sample:packageRelease
:sample:assembleRelease
:sample:assemble
:sample:build

BUILD SUCCESSFUL in 50s
94 actionable tasks: 61 executed, 33 up-to-date

2019-11-10 21:11:56,878 INFO  FullProcessService - Found APK file: /var/folders/bq/vtzpc5ns5sg2cthy61lqpg3dfzgbys/T/1573395008840-0/src/SnapTabLayout-master/sample/build/outputs/apk/release/sample-release-unsigned.apk
